

*******************************************************************************
Thu Jan 26 13:57:36 2017


FIT:    data read from 'zeropoint.dat'
        format = z
        x range restricted to [0.00000 : 7.00000]
        #datapoints = 7
        residuals are weighted equally (unit weight)

function used for fitting: a*x+b
fitted parameters initialized with current variable values

iter      chisq       delta/lim  lambda   a             b            
   0 1.1626159178e+02   0.00e+00  2.47e+00    1.000000e+00   1.000000e+00
   5 9.0943736120e-08  -5.82e-11  2.47e-05    3.944194e-04   2.755159e-04

After 5 iterations the fit converged.
final sum of squares of residuals : 9.09437e-08
rel. change during last iteration : -5.82113e-16

degrees of freedom    (FIT_NDF)                        : 5
rms of residuals      (FIT_STDFIT) = sqrt(WSSR/ndf)    : 0.000134866
variance of residuals (reduced chisquare) = WSSR/ndf   : 1.81887e-08

Final set of parameters            Asymptotic Standard Error
=======================            ==========================
a               = 0.000394419      +/- 2.036e-05    (5.161%)
b               = 0.000275516      +/- 6.808e-05    (24.71%)

correlation matrix of the fit parameters:
                a      b      
a               1.000 
b              -0.663  1.000 


*******************************************************************************
Thu Jan 26 14:00:04 2017


FIT:    data read from 'zeropoint.dat'
        format = z
        x range restricted to [0.00000 : 7.00000]
        #datapoints = 7
        residuals are weighted equally (unit weight)

function used for fitting: c*x**2+d*x+e
fitted parameters initialized with current variable values

iter      chisq       delta/lim  lambda   c             d             e            
   0 3.9716203838e+03   0.00e+00  1.17e+01    1.000000e+00   1.000000e+00   1.000000e+00
   5 5.6368555736e-08  -1.76e-01  1.17e-04   -2.771457e-05   5.747959e-04   1.856343e-04

After 5 iterations the fit converged.
final sum of squares of residuals : 5.63686e-08
rel. change during last iteration : -1.76371e-06

degrees of freedom    (FIT_NDF)                        : 4
rms of residuals      (FIT_STDFIT) = sqrt(WSSR/ndf)    : 0.00011871
variance of residuals (reduced chisquare) = WSSR/ndf   : 1.40921e-08

Final set of parameters            Asymptotic Standard Error
=======================            ==========================
c               = -2.77146e-05     +/- 1.769e-05    (63.84%)
d               = 0.000574796      +/- 0.0001165    (20.28%)
e               = 0.000185634      +/- 8.297e-05    (44.7%)

correlation matrix of the fit parameters:
                c      d      e      
c               1.000 
d              -0.988  1.000 
e               0.692 -0.757  1.000 
